Arguments: 
  C:\Program Files\nodejs\node.exe C:\Users\Sergey\AppData\Roaming\npm\node_modules\yarn\bin\yarn.js add pug

PATH: 
  C:\Program Files\Git\mingw64\bin;C:\Program Files\Git\usr\bin;C:\Users\Sergey\bin;C:\Program Files (x86)\Intel\iCLS Client;C:\Program Files\Intel\iCLS Client;C:\Windows\system32;C:\Windows;C:\Windows\System32\Wbem;C:\Windows\System32\WindowsPowerShell\v1.0;C:\Program Files (x86)\Intel\Intel(R) Management Engine Components\DAL;C:\Program Files\Intel\Intel(R) Management Engine Components\DAL;C:\Program Files (x86)\Intel\Intel(R) Management Engine Components\IPT;C:\Program Files\Intel\Intel(R) Management Engine Components\IPT;C:\Program Files (x86)\NVIDIA Corporation\PhysX\Common;C:\Program Files\NVIDIA Corporation\NVIDIA NvDLISR;C:\Program Files\dotnet;C:\Program Files\Microsoft SQL Server\130\Tools\Binn;C:\Program Files\Git\cmd;C:\Program Files\nodejs;C:\Program Files\Intel\WiFi\bin;C:\Program Files\Common Files\Intel\WirelessCommon;C:\WINDOWS\system32;C:\WINDOWS;C:\WINDOWS\System32\Wbem;C:\WINDOWS\System32\WindowsPowerShell\v1.0;C:\WINDOWS\System32\OpenSSH;C:\programming\apache\php;C:\ProgramData\ComposerSetup\bin;C:\Users\Sergey\AppData\Local\Programs\Microsoft VS Code\bin;C:\Users\Sergey\AppData\Roaming\npm;C:\Program Files\heroku\bin;C:\Users\Sergey\AppData\Local\Microsoft\WindowsApps;C:\Program Files\MongoDB\Server\4.0\bin;C:\Programming\util;C:\Users\Sergey\AppData\Local\Programs\Python\Python37-32;C:\Users\Sergey\AppData\Local\Programs\Python\Python37-32\Scripts;C:\Program Files\nodejs;C:\Programming\apache\bin;C:\Programming\apache\php;C:\Program Files\MySQL\MySQL Server 8.0\bin;C:\Users\Sergey\AppData\Roaming\Composer\vendor\bin

Yarn version: 
  1.15.2

Node version: 
  10.15.1

Platform: 
  win32 x64

Trace: 
  Error: EPERM: operation not permitted, scandir 'C:\Programming\projects\typescript\ts-test\node_modules\@types'

npm manifest: 
  {
    "name": "ts-test",
    "version": "1.0.0",
    "description": "",
    "scripts": {
      "watch": "parcel watch src/index.pug",
      "dev": "parcel src/index.pug"
    },
    "keywords": [],
    "author": "",
    "license": "ISC",
    "devDependencies": {
      "sass": "^1.20.1",
      "typescript": "^3.4.5"
    }
  }

yarn manifest: 
  No manifest

Lockfile: 
  No lockfile
